[NX Daemon Server] - 2024-10-11T02:03:36.121Z - Started listening on: /var/folders/0v/gv7vt7mx5qs67_dxp4ybxfl00000gn/T/10a9f3fa90a2e67ca098/d.sock
[NX Daemon Server] - 2024-10-11T02:03:36.122Z - [WATCHER]: Subscribed to changes within: /Users/rodridts/Documents/Estudo/Projetos/Digital-Circuits-Helper (native)
[NX Daemon Server] - 2024-10-11T02:03:36.124Z - Established a connection. Number of open connections: 1
[NX Daemon Server] - 2024-10-11T02:03:36.125Z - Established a connection. Number of open connections: 2
[NX Daemon Server] - 2024-10-11T02:03:36.126Z - Closed a connection. Number of open connections: 1
[NX Daemon Server] - 2024-10-11T02:03:36.126Z - [REQUEST]: Responding to the client. Shutdown initiated
[NX Daemon Server] - 2024-10-11T02:03:36.126Z - Done responding to the client Shutdown initiated
[NX Daemon Server] - 2024-10-11T02:03:36.127Z - Handled FORCE_SHUTDOWN. Handling time: 0. Response time: 1.
[NX Daemon Server] - 2024-10-11T02:03:36.128Z - [WATCHER]: Stopping the watcher for /Users/rodridts/Documents/Estudo/Projetos/Digital-Circuits-Helper (sources)
[NX Daemon Server] - 2024-10-11T02:03:36.128Z - Closed a connection. Number of open connections: 0
[NX Daemon Server] - 2024-10-11T02:03:36.128Z - [WATCHER]: Stopping the watcher for /Users/rodridts/Documents/Estudo/Projetos/Digital-Circuits-Helper (outputs)
[NX Daemon Server] - 2024-10-11T02:05:37.845Z - Started listening on: /var/folders/0v/gv7vt7mx5qs67_dxp4ybxfl00000gn/T/10a9f3fa90a2e67ca098/d.sock
[NX Daemon Server] - 2024-10-11T02:05:37.846Z - [WATCHER]: Subscribed to changes within: /Users/rodridts/Documents/Estudo/Projetos/Digital-Circuits-Helper (native)
[NX Daemon Server] - 2024-10-11T02:05:37.854Z - Established a connection. Number of open connections: 1
[NX Daemon Server] - 2024-10-11T02:05:37.855Z - Established a connection. Number of open connections: 2
[NX Daemon Server] - 2024-10-11T02:05:37.855Z - Closed a connection. Number of open connections: 1
[NX Daemon Server] - 2024-10-11T02:05:37.856Z - [REQUEST]: Client Request for Project Graph Received
[NX Daemon Server] - 2024-10-11T02:05:37.906Z - [WATCHER]: Processing file changes in outputs
[NX Daemon Server] - 2024-10-11T02:05:38.027Z - [REQUEST]: Updated workspace context based on watched changes, recomputing project graph...
[NX Daemon Server] - 2024-10-11T02:05:38.027Z - [REQUEST]: 
[NX Daemon Server] - 2024-10-11T02:05:38.027Z - [REQUEST]: 
[NX Daemon Server] - 2024-10-11T02:05:38.032Z - Time taken for 'loadNxPlugins' 170.37804102897644ms
[NX Daemon Server] - 2024-10-11T02:05:38.047Z - Time taken for 'build-project-configs' 9.642124950885773ms
[NX Daemon Server] - 2024-10-11T02:05:38.049Z - Time taken for '@nx/vite/plugin:createDependencies' 2.4259999990463257ms
[NX Daemon Server] - 2024-10-11T02:05:38.071Z - [SYNC]: collect registered sync generators
[NX Daemon Server] - 2024-10-11T02:05:38.072Z - [REQUEST]: Responding to the client. project-graph
[NX Daemon Server] - 2024-10-11T02:05:38.072Z - Time taken for 'total for creating and serializing project graph' 215.55112498998642ms
[NX Daemon Server] - 2024-10-11T02:05:38.075Z - Done responding to the client project-graph
[NX Daemon Server] - 2024-10-11T02:05:38.075Z - Handled REQUEST_PROJECT_GRAPH. Handling time: 216. Response time: 3.
[NX Daemon Server] - 2024-10-11T02:05:38.077Z - [REQUEST]: Client Request for Project Graph Received
[NX Daemon Server] - 2024-10-11T02:05:38.078Z - [REQUEST]: Responding to the client. project-graph
[NX Daemon Server] - 2024-10-11T02:05:38.078Z - Time taken for 'total for creating and serializing project graph' 0.1412079930305481ms
[NX Daemon Server] - 2024-10-11T02:05:38.078Z - Done responding to the client project-graph
[NX Daemon Server] - 2024-10-11T02:05:38.078Z - Handled REQUEST_PROJECT_GRAPH. Handling time: 1. Response time: 0.
[NX Daemon Server] - 2024-10-11T02:05:38.079Z - Established a connection. Number of open connections: 2
[NX Daemon Server] - 2024-10-11T02:05:38.080Z - [REQUEST]: Client Request for Project Graph Received
[NX Daemon Server] - 2024-10-11T02:05:38.080Z - [REQUEST]: Responding to the client. project-graph
[NX Daemon Server] - 2024-10-11T02:05:38.080Z - Time taken for 'total for creating and serializing project graph' 0.08145803213119507ms
[NX Daemon Server] - 2024-10-11T02:05:38.080Z - Done responding to the client project-graph
[NX Daemon Server] - 2024-10-11T02:05:38.080Z - Handled REQUEST_PROJECT_GRAPH. Handling time: 0. Response time: 0.
[NX Daemon Server] - 2024-10-11T02:05:50.658Z - [REQUEST]: Client Request for Project Graph Received
[NX Daemon Server] - 2024-10-11T02:05:50.660Z - [REQUEST]: Responding to the client. project-graph
[NX Daemon Server] - 2024-10-11T02:05:50.662Z - Time taken for 'total for creating and serializing project graph' 1.8771249651908875ms
[NX Daemon Server] - 2024-10-11T02:05:50.664Z - Done responding to the client project-graph
[NX Daemon Server] - 2024-10-11T02:05:50.664Z - Handled REQUEST_PROJECT_GRAPH. Handling time: 2. Response time: 4.
[NX Daemon Server] - 2024-10-11T02:06:09.776Z - Closed a connection. Number of open connections: 1
[NX Daemon Server] - 2024-10-11T02:06:09.776Z - Closed a connection. Number of open connections: 0
[NX Daemon Server] - 2024-10-11T02:08:00.774Z - [WATCHER]: package.json was modified
[NX Daemon Server] - 2024-10-11T02:08:00.776Z - [WATCHER]: Processing file changes in outputs
[NX Daemon Server] - 2024-10-11T02:08:00.880Z - [REQUEST]: Updated workspace context based on watched changes, recomputing project graph...
[NX Daemon Server] - 2024-10-11T02:08:00.880Z - [REQUEST]: package.json
[NX Daemon Server] - 2024-10-11T02:08:00.880Z - [REQUEST]: 
[NX Daemon Server] - 2024-10-11T02:08:00.887Z - Time taken for 'hash changed files from watcher' 0.4532090425491333ms
[NX Daemon Server] - 2024-10-11T02:08:00.905Z - Time taken for 'build-project-configs' 17.57700002193451ms
[NX Daemon Server] - 2024-10-11T02:08:00.908Z - Time taken for '@nx/vite/plugin:createDependencies' 6.547792017459869ms
[NX Daemon Server] - 2024-10-11T02:08:00.919Z - [SYNC]: collect registered sync generators
[NX Daemon Server] - 2024-10-11T02:08:00.920Z - [SYNC]: project graph hash is the same, not collecting task sync generators
[NX Daemon Server] - 2024-10-11T02:08:00.920Z - [SYNC]: nx.json hash is the same, not collecting global sync generators
[NX Daemon Server] - 2024-10-11T02:08:00.920Z - Time taken for 'total execution time for createProjectGraph()' 14.135374963283539ms
[NX Daemon Server] - 2024-10-11T02:08:17.688Z - [WATCHER]: packages/boolean-algebra/package.json was modified
[NX Daemon Server] - 2024-10-11T02:08:17.689Z - [WATCHER]: Processing file changes in outputs
[NX Daemon Server] - 2024-10-11T02:08:17.892Z - [REQUEST]: Updated workspace context based on watched changes, recomputing project graph...
[NX Daemon Server] - 2024-10-11T02:08:17.892Z - [REQUEST]: packages/boolean-algebra/package.json
[NX Daemon Server] - 2024-10-11T02:08:17.892Z - [REQUEST]: 
[NX Daemon Server] - 2024-10-11T02:08:17.896Z - Time taken for 'hash changed files from watcher' 0.3382920026779175ms
[NX Daemon Server] - 2024-10-11T02:08:17.908Z - Time taken for 'build-project-configs' 10.945083022117615ms
[NX Daemon Server] - 2024-10-11T02:08:17.910Z - Time taken for '@nx/vite/plugin:createDependencies' 4.933375000953674ms
[NX Daemon Server] - 2024-10-11T02:08:17.926Z - [SYNC]: collect registered sync generators
[NX Daemon Server] - 2024-10-11T02:08:17.926Z - [SYNC]: nx.json hash is the same, not collecting global sync generators
[NX Daemon Server] - 2024-10-11T02:08:17.926Z - Time taken for 'total execution time for createProjectGraph()' 16.207624971866608ms
[NX Daemon Server] - 2024-10-11T02:09:01.179Z - [WATCHER]: packages/boolean-algebra/package.json was modified
[NX Daemon Server] - 2024-10-11T02:09:01.179Z - [WATCHER]: Processing file changes in outputs
[NX Daemon Server] - 2024-10-11T02:09:01.581Z - [REQUEST]: Updated workspace context based on watched changes, recomputing project graph...
[NX Daemon Server] - 2024-10-11T02:09:01.581Z - [REQUEST]: packages/boolean-algebra/package.json
[NX Daemon Server] - 2024-10-11T02:09:01.581Z - [REQUEST]: 
[NX Daemon Server] - 2024-10-11T02:09:01.584Z - Time taken for 'hash changed files from watcher' 0.09604096412658691ms
[NX Daemon Server] - 2024-10-11T02:09:01.591Z - Time taken for 'build-project-configs' 6.62024998664856ms
[NX Daemon Server] - 2024-10-11T02:09:01.592Z - Time taken for '@nx/vite/plugin:createDependencies' 3.0939170122146606ms
[NX Daemon Server] - 2024-10-11T02:09:01.603Z - [SYNC]: collect registered sync generators
[NX Daemon Server] - 2024-10-11T02:09:01.603Z - [SYNC]: nx.json hash is the same, not collecting global sync generators
[NX Daemon Server] - 2024-10-11T02:09:01.603Z - Time taken for 'total execution time for createProjectGraph()' 10.664250016212463ms
[NX Daemon Server] - 2024-10-11T02:09:06.193Z - [WATCHER]: package.json was modified
[NX Daemon Server] - 2024-10-11T02:09:06.193Z - [WATCHER]: Processing file changes in outputs
[NX Daemon Server] - 2024-10-11T02:09:06.995Z - [REQUEST]: Updated workspace context based on watched changes, recomputing project graph...
[NX Daemon Server] - 2024-10-11T02:09:06.995Z - [REQUEST]: package.json
[NX Daemon Server] - 2024-10-11T02:09:06.995Z - [REQUEST]: 
[NX Daemon Server] - 2024-10-11T02:09:06.998Z - Time taken for 'hash changed files from watcher' 0.2506669759750366ms
[NX Daemon Server] - 2024-10-11T02:09:07.009Z - Time taken for 'build-project-configs' 8.629958987236023ms
[NX Daemon Server] - 2024-10-11T02:09:07.011Z - Time taken for '@nx/vite/plugin:createDependencies' 4.614499986171722ms
[NX Daemon Server] - 2024-10-11T02:09:07.021Z - [SYNC]: collect registered sync generators
[NX Daemon Server] - 2024-10-11T02:09:07.021Z - [SYNC]: project graph hash is the same, not collecting task sync generators
[NX Daemon Server] - 2024-10-11T02:09:07.021Z - [SYNC]: nx.json hash is the same, not collecting global sync generators
[NX Daemon Server] - 2024-10-11T02:09:07.022Z - Time taken for 'total execution time for createProjectGraph()' 11.87704199552536ms
[NX Daemon Server] - 2024-10-11T02:09:07.401Z - [WATCHER]: package.json was modified
[NX Daemon Server] - 2024-10-11T02:09:07.401Z - [WATCHER]: Processing file changes in outputs
[NX Daemon Server] - 2024-10-11T02:09:09.002Z - [REQUEST]: Updated workspace context based on watched changes, recomputing project graph...
[NX Daemon Server] - 2024-10-11T02:09:09.003Z - [REQUEST]: package.json
[NX Daemon Server] - 2024-10-11T02:09:09.003Z - [REQUEST]: 
[NX Daemon Server] - 2024-10-11T02:09:09.005Z - Time taken for 'hash changed files from watcher' 0.05916702747344971ms
[NX Daemon Server] - 2024-10-11T02:09:09.010Z - Time taken for 'build-project-configs' 5.058624982833862ms
[NX Daemon Server] - 2024-10-11T02:09:09.012Z - Time taken for '@nx/vite/plugin:createDependencies' 3.0974169969558716ms
[NX Daemon Server] - 2024-10-11T02:09:09.018Z - [SYNC]: collect registered sync generators
[NX Daemon Server] - 2024-10-11T02:09:09.018Z - [SYNC]: project graph hash is the same, not collecting task sync generators
[NX Daemon Server] - 2024-10-11T02:09:09.018Z - [SYNC]: nx.json hash is the same, not collecting global sync generators
[NX Daemon Server] - 2024-10-11T02:09:09.018Z - Time taken for 'total execution time for createProjectGraph()' 6.701833009719849ms
[NX Daemon Server] - 2024-10-11T02:09:18.661Z - Established a connection. Number of open connections: 1
[NX Daemon Server] - 2024-10-11T02:09:18.661Z - Closed a connection. Number of open connections: 0
[NX Daemon Server] - 2024-10-11T02:09:18.661Z - Established a connection. Number of open connections: 1
[NX Daemon Server] - 2024-10-11T02:09:18.663Z - [REQUEST]: Client Request for Project Graph Received
[NX Daemon Server] - 2024-10-11T02:09:18.663Z - [REQUEST]: Responding to the client. project-graph
[NX Daemon Server] - 2024-10-11T02:09:18.664Z - Time taken for 'total for creating and serializing project graph' 0.24262499809265137ms
[NX Daemon Server] - 2024-10-11T02:09:18.666Z - Done responding to the client project-graph
[NX Daemon Server] - 2024-10-11T02:09:18.666Z - Handled REQUEST_PROJECT_GRAPH. Handling time: 0. Response time: 3.
[NX Daemon Server] - 2024-10-11T02:09:18.708Z - [REQUEST]: Responding to the client. handleHashTasks
[NX Daemon Server] - 2024-10-11T02:09:18.708Z - Done responding to the client handleHashTasks
[NX Daemon Server] - 2024-10-11T02:09:18.708Z - Handled HASH_TASKS. Handling time: 4. Response time: 0.
[NX Daemon Server] - 2024-10-11T02:09:21.272Z - [REQUEST]: Responding to the client. recordOutputsHash
[NX Daemon Server] - 2024-10-11T02:09:21.272Z - Done responding to the client recordOutputsHash
[NX Daemon Server] - 2024-10-11T02:09:21.272Z - Handled RECORD_OUTPUTS_HASH. Handling time: 2. Response time: 0.
[NX Daemon Server] - 2024-10-11T02:09:21.289Z - [WATCHER]: Processing file changes in outputs
[NX Daemon Server] - 2024-10-11T02:09:21.359Z - [REQUEST]: Responding to the client. PROCESS_IN_BACKGROUND
[NX Daemon Server] - 2024-10-11T02:09:21.359Z - Done responding to the client PROCESS_IN_BACKGROUND
[NX Daemon Server] - 2024-10-11T02:09:21.359Z - Handled PROCESS_IN_BACKGROUND. Handling time: 54. Response time: 0.
[NX Daemon Server] - 2024-10-11T02:09:21.359Z - Uploading file artifacts
[NX Daemon Server] - 2024-10-11T02:09:21.400Z - Closed a connection. Number of open connections: 0
[NX Daemon Server] - 2024-10-11T02:09:21.717Z - Done uploading file artifacts
[NX Daemon Server] - 2024-10-11T02:09:21.718Z - Sending EndRun request
[NX Daemon Server] - 2024-10-11T02:09:21.910Z - Done sending EndRun request
[NX Daemon Server] - 2024-10-11T02:09:46.032Z - [WATCHER]: packages/boolean-algebra/tsconfig.json was modified
[NX Daemon Server] - 2024-10-11T02:09:46.032Z - [WATCHER]: Processing file changes in outputs
[NX Daemon Server] - 2024-10-11T02:09:46.135Z - [REQUEST]: Updated workspace context based on watched changes, recomputing project graph...
[NX Daemon Server] - 2024-10-11T02:09:46.135Z - [REQUEST]: packages/boolean-algebra/tsconfig.json
[NX Daemon Server] - 2024-10-11T02:09:46.135Z - [REQUEST]: 
[NX Daemon Server] - 2024-10-11T02:09:46.139Z - Time taken for 'hash changed files from watcher' 0.2287920117378235ms
[NX Daemon Server] - 2024-10-11T02:09:46.152Z - Time taken for 'build-project-configs' 13.265625ms
[NX Daemon Server] - 2024-10-11T02:09:46.155Z - Time taken for '@nx/vite/plugin:createDependencies' 4.77716600894928ms
[NX Daemon Server] - 2024-10-11T02:09:46.169Z - [SYNC]: collect registered sync generators
[NX Daemon Server] - 2024-10-11T02:09:46.170Z - [SYNC]: project graph hash is the same, not collecting task sync generators
[NX Daemon Server] - 2024-10-11T02:09:46.170Z - [SYNC]: nx.json hash is the same, not collecting global sync generators
[NX Daemon Server] - 2024-10-11T02:09:46.170Z - Time taken for 'total execution time for createProjectGraph()' 14.568332970142365ms
[NX Daemon Server] - 2024-10-11T02:09:49.226Z - Established a connection. Number of open connections: 1
[NX Daemon Server] - 2024-10-11T02:09:49.227Z - Closed a connection. Number of open connections: 0
[NX Daemon Server] - 2024-10-11T02:09:49.227Z - Established a connection. Number of open connections: 1
[NX Daemon Server] - 2024-10-11T02:09:49.228Z - [REQUEST]: Client Request for Project Graph Received
[NX Daemon Server] - 2024-10-11T02:09:49.228Z - [REQUEST]: Responding to the client. project-graph
[NX Daemon Server] - 2024-10-11T02:09:49.228Z - Time taken for 'total for creating and serializing project graph' 0.10470801591873169ms
[NX Daemon Server] - 2024-10-11T02:09:49.229Z - Done responding to the client project-graph
[NX Daemon Server] - 2024-10-11T02:09:49.229Z - Handled REQUEST_PROJECT_GRAPH. Handling time: 0. Response time: 1.
[NX Daemon Server] - 2024-10-11T02:09:49.263Z - [REQUEST]: Responding to the client. handleHashTasks
[NX Daemon Server] - 2024-10-11T02:09:49.263Z - Done responding to the client handleHashTasks
[NX Daemon Server] - 2024-10-11T02:09:49.263Z - Handled HASH_TASKS. Handling time: 3. Response time: 0.
[NX Daemon Server] - 2024-10-11T02:09:50.730Z - [REQUEST]: Responding to the client. recordOutputsHash
[NX Daemon Server] - 2024-10-11T02:09:50.731Z - Done responding to the client recordOutputsHash
[NX Daemon Server] - 2024-10-11T02:09:50.731Z - Handled RECORD_OUTPUTS_HASH. Handling time: 1. Response time: 1.
[NX Daemon Server] - 2024-10-11T02:09:50.753Z - [WATCHER]: Processing file changes in outputs
[NX Daemon Server] - 2024-10-11T02:09:50.777Z - [REQUEST]: Responding to the client. PROCESS_IN_BACKGROUND
[NX Daemon Server] - 2024-10-11T02:09:50.777Z - Done responding to the client PROCESS_IN_BACKGROUND
[NX Daemon Server] - 2024-10-11T02:09:50.777Z - Handled PROCESS_IN_BACKGROUND. Handling time: 13. Response time: 0.
[NX Daemon Server] - 2024-10-11T02:09:50.778Z - Uploading file artifacts
[NX Daemon Server] - 2024-10-11T02:09:50.782Z - Closed a connection. Number of open connections: 0
[NX Daemon Server] - 2024-10-11T02:09:51.084Z - Done uploading file artifacts
[NX Daemon Server] - 2024-10-11T02:09:51.084Z - Sending EndRun request
[NX Daemon Server] - 2024-10-11T02:09:51.323Z - Done sending EndRun request
[NX Daemon Server] - 2024-10-11T02:10:38.822Z - Established a connection. Number of open connections: 1
[NX Daemon Server] - 2024-10-11T02:10:38.822Z - Established a connection. Number of open connections: 2
[NX Daemon Server] - 2024-10-11T02:10:38.823Z - Closed a connection. Number of open connections: 1
[NX Daemon Server] - 2024-10-11T02:10:38.823Z - [REQUEST]: Client Request for Project Graph Received
[NX Daemon Server] - 2024-10-11T02:10:38.824Z - [REQUEST]: Responding to the client. project-graph
[NX Daemon Server] - 2024-10-11T02:10:38.824Z - Time taken for 'total for creating and serializing project graph' 0.1834169626235962ms
[NX Daemon Server] - 2024-10-11T02:10:38.826Z - Done responding to the client project-graph
[NX Daemon Server] - 2024-10-11T02:10:38.826Z - Handled REQUEST_PROJECT_GRAPH. Handling time: 1. Response time: 2.
[NX Daemon Server] - 2024-10-11T02:10:38.858Z - [REQUEST]: Responding to the client. handleHashTasks
[NX Daemon Server] - 2024-10-11T02:10:38.858Z - Done responding to the client handleHashTasks
[NX Daemon Server] - 2024-10-11T02:10:38.858Z - Handled HASH_TASKS. Handling time: 1. Response time: 0.
[NX Daemon Server] - 2024-10-11T02:10:38.945Z - [REQUEST]: Responding to the client. outputsHashesMatch
[NX Daemon Server] - 2024-10-11T02:10:38.945Z - Done responding to the client outputsHashesMatch
[NX Daemon Server] - 2024-10-11T02:10:38.945Z - Handled OUTPUTS_HASHES_MATCH. Handling time: 2. Response time: 0.
[NX Daemon Server] - 2024-10-11T02:10:38.975Z - [REQUEST]: Responding to the client. recordOutputsHash
[NX Daemon Server] - 2024-10-11T02:10:38.975Z - Done responding to the client recordOutputsHash
[NX Daemon Server] - 2024-10-11T02:10:38.975Z - Handled RECORD_OUTPUTS_HASH. Handling time: 2. Response time: 0.
[NX Daemon Server] - 2024-10-11T02:10:39.019Z - [REQUEST]: Responding to the client. PROCESS_IN_BACKGROUND
[NX Daemon Server] - 2024-10-11T02:10:39.019Z - Done responding to the client PROCESS_IN_BACKGROUND
[NX Daemon Server] - 2024-10-11T02:10:39.019Z - Handled PROCESS_IN_BACKGROUND. Handling time: 14. Response time: 0.
[NX Daemon Server] - 2024-10-11T02:10:39.020Z - Uploading file artifacts
[NX Daemon Server] - 2024-10-11T02:10:39.020Z - Done uploading file artifacts
[NX Daemon Server] - 2024-10-11T02:10:39.020Z - Sending EndRun request
[NX Daemon Server] - 2024-10-11T02:10:39.022Z - Closed a connection. Number of open connections: 0
[NX Daemon Server] - 2024-10-11T02:10:39.255Z - Done sending EndRun request
[NX Daemon Server] - 2024-10-11T02:13:19.271Z - Established a connection. Number of open connections: 1
[NX Daemon Server] - 2024-10-11T02:13:19.272Z - Closed a connection. Number of open connections: 0
[NX Daemon Server] - 2024-10-11T02:13:19.272Z - Established a connection. Number of open connections: 1
[NX Daemon Server] - 2024-10-11T02:13:19.273Z - [REQUEST]: Client Request for Project Graph Received
[NX Daemon Server] - 2024-10-11T02:13:19.273Z - [REQUEST]: Responding to the client. project-graph
[NX Daemon Server] - 2024-10-11T02:13:19.274Z - Time taken for 'total for creating and serializing project graph' 0.20845800638198853ms
[NX Daemon Server] - 2024-10-11T02:13:19.275Z - Done responding to the client project-graph
[NX Daemon Server] - 2024-10-11T02:13:19.275Z - Handled REQUEST_PROJECT_GRAPH. Handling time: 0. Response time: 2.
[NX Daemon Server] - 2024-10-11T02:13:19.278Z - Closed a connection. Number of open connections: 0
[NX Daemon Server] - 2024-10-11T02:13:23.423Z - Established a connection. Number of open connections: 1
[NX Daemon Server] - 2024-10-11T02:13:23.424Z - Closed a connection. Number of open connections: 0
[NX Daemon Server] - 2024-10-11T02:13:23.425Z - Established a connection. Number of open connections: 1
[NX Daemon Server] - 2024-10-11T02:13:23.426Z - [REQUEST]: Client Request for Project Graph Received
[NX Daemon Server] - 2024-10-11T02:13:23.426Z - [REQUEST]: Responding to the client. project-graph
[NX Daemon Server] - 2024-10-11T02:13:23.426Z - Time taken for 'total for creating and serializing project graph' 0.1752079725265503ms
[NX Daemon Server] - 2024-10-11T02:13:23.428Z - Done responding to the client project-graph
[NX Daemon Server] - 2024-10-11T02:13:23.428Z - Handled REQUEST_PROJECT_GRAPH. Handling time: 0. Response time: 2.
[NX Daemon Server] - 2024-10-11T02:13:23.431Z - Closed a connection. Number of open connections: 0
[NX Daemon Server] - 2024-10-11T02:14:18.576Z - Established a connection. Number of open connections: 1
[NX Daemon Server] - 2024-10-11T02:14:18.576Z - Closed a connection. Number of open connections: 0
[NX Daemon Server] - 2024-10-11T02:14:18.577Z - Established a connection. Number of open connections: 1
[NX Daemon Server] - 2024-10-11T02:14:18.578Z - [REQUEST]: Client Request for Project Graph Received
[NX Daemon Server] - 2024-10-11T02:14:18.578Z - [REQUEST]: Responding to the client. project-graph
[NX Daemon Server] - 2024-10-11T02:14:18.579Z - Time taken for 'total for creating and serializing project graph' 0.26112502813339233ms
[NX Daemon Server] - 2024-10-11T02:14:18.580Z - Done responding to the client project-graph
[NX Daemon Server] - 2024-10-11T02:14:18.580Z - Handled REQUEST_PROJECT_GRAPH. Handling time: 0. Response time: 2.
[NX Daemon Server] - 2024-10-11T02:14:18.583Z - Closed a connection. Number of open connections: 0
[NX Daemon Server] - 2024-10-11T02:14:54.110Z - Established a connection. Number of open connections: 1
[NX Daemon Server] - 2024-10-11T02:14:54.111Z - Closed a connection. Number of open connections: 0
[NX Daemon Server] - 2024-10-11T02:14:54.111Z - Established a connection. Number of open connections: 1
[NX Daemon Server] - 2024-10-11T02:14:54.112Z - [REQUEST]: Client Request for Project Graph Received
[NX Daemon Server] - 2024-10-11T02:14:54.112Z - [REQUEST]: Responding to the client. project-graph
[NX Daemon Server] - 2024-10-11T02:14:54.113Z - Time taken for 'total for creating and serializing project graph' 0.10941600799560547ms
[NX Daemon Server] - 2024-10-11T02:14:54.114Z - Done responding to the client project-graph
[NX Daemon Server] - 2024-10-11T02:14:54.114Z - Handled REQUEST_PROJECT_GRAPH. Handling time: 0. Response time: 2.
[NX Daemon Server] - 2024-10-11T02:14:54.133Z - Closed a connection. Number of open connections: 0
[NX Daemon Server] - 2024-10-11T02:15:03.751Z - Established a connection. Number of open connections: 1
[NX Daemon Server] - 2024-10-11T02:15:03.752Z - Closed a connection. Number of open connections: 0
[NX Daemon Server] - 2024-10-11T02:15:03.753Z - Established a connection. Number of open connections: 1
[NX Daemon Server] - 2024-10-11T02:15:03.754Z - [REQUEST]: Client Request for Project Graph Received
[NX Daemon Server] - 2024-10-11T02:15:03.754Z - [REQUEST]: Responding to the client. project-graph
[NX Daemon Server] - 2024-10-11T02:15:03.755Z - Time taken for 'total for creating and serializing project graph' 0.16158300638198853ms
[NX Daemon Server] - 2024-10-11T02:15:03.756Z - Done responding to the client project-graph
[NX Daemon Server] - 2024-10-11T02:15:03.756Z - Handled REQUEST_PROJECT_GRAPH. Handling time: 0. Response time: 2.
[NX Daemon Server] - 2024-10-11T02:15:03.757Z - [REQUEST]: Client Request for Project Graph Received
[NX Daemon Server] - 2024-10-11T02:15:03.757Z - [REQUEST]: Responding to the client. project-graph
[NX Daemon Server] - 2024-10-11T02:15:03.758Z - Time taken for 'total for creating and serializing project graph' 0.12883299589157104ms
[NX Daemon Server] - 2024-10-11T02:15:03.758Z - Done responding to the client project-graph
[NX Daemon Server] - 2024-10-11T02:15:03.758Z - Handled REQUEST_PROJECT_GRAPH. Handling time: 0. Response time: 1.
[NX Daemon Server] - 2024-10-11T02:15:03.760Z - [REQUEST]: Client Request for Project Graph Received
[NX Daemon Server] - 2024-10-11T02:15:03.760Z - [REQUEST]: Responding to the client. project-graph
[NX Daemon Server] - 2024-10-11T02:15:03.761Z - Time taken for 'total for creating and serializing project graph' 0.0878329873085022ms
[NX Daemon Server] - 2024-10-11T02:15:03.761Z - Done responding to the client project-graph
[NX Daemon Server] - 2024-10-11T02:15:03.761Z - Handled REQUEST_PROJECT_GRAPH. Handling time: 0. Response time: 1.
[NX Daemon Server] - 2024-10-11T02:15:03.762Z - Established a connection. Number of open connections: 2
[NX Daemon Server] - 2024-10-11T02:15:03.762Z - [REQUEST]: Client Request for Project Graph Received
[NX Daemon Server] - 2024-10-11T02:15:03.762Z - [REQUEST]: Responding to the client. project-graph
[NX Daemon Server] - 2024-10-11T02:15:03.763Z - Time taken for 'total for creating and serializing project graph' 0.08058398962020874ms
[NX Daemon Server] - 2024-10-11T02:15:03.763Z - Done responding to the client project-graph
[NX Daemon Server] - 2024-10-11T02:15:03.763Z - Handled REQUEST_PROJECT_GRAPH. Handling time: 0. Response time: 1.
[NX Daemon Server] - 2024-10-11T02:18:46.004Z - Closed a connection. Number of open connections: 1
[NX Daemon Server] - 2024-10-11T02:18:46.004Z - Closed a connection. Number of open connections: 0
[NX Daemon Server] - 2024-10-11T02:19:00.813Z - Established a connection. Number of open connections: 1
[NX Daemon Server] - 2024-10-11T02:19:00.813Z - Closed a connection. Number of open connections: 0
[NX Daemon Server] - 2024-10-11T02:19:00.813Z - Established a connection. Number of open connections: 1
[NX Daemon Server] - 2024-10-11T02:19:00.815Z - [REQUEST]: Client Request for Project Graph Received
[NX Daemon Server] - 2024-10-11T02:19:00.815Z - [REQUEST]: Responding to the client. project-graph
[NX Daemon Server] - 2024-10-11T02:19:00.817Z - Time taken for 'total for creating and serializing project graph' 0.2420409917831421ms
[NX Daemon Server] - 2024-10-11T02:19:00.818Z - Done responding to the client project-graph
[NX Daemon Server] - 2024-10-11T02:19:00.818Z - Handled REQUEST_PROJECT_GRAPH. Handling time: 0. Response time: 3.
[NX Daemon Server] - 2024-10-11T02:19:00.819Z - Closed a connection. Number of open connections: 0
[NX Daemon Server] - 2024-10-11T02:19:22.335Z - Established a connection. Number of open connections: 1
[NX Daemon Server] - 2024-10-11T02:19:22.336Z - Closed a connection. Number of open connections: 0
[NX Daemon Server] - 2024-10-11T02:19:22.336Z - Established a connection. Number of open connections: 1
[NX Daemon Server] - 2024-10-11T02:19:22.337Z - [REQUEST]: Client Request for Project Graph Received
[NX Daemon Server] - 2024-10-11T02:19:22.337Z - [REQUEST]: Responding to the client. project-graph
[NX Daemon Server] - 2024-10-11T02:19:22.338Z - Time taken for 'total for creating and serializing project graph' 0.09912502765655518ms
[NX Daemon Server] - 2024-10-11T02:19:22.341Z - Done responding to the client project-graph
[NX Daemon Server] - 2024-10-11T02:19:22.341Z - Handled REQUEST_PROJECT_GRAPH. Handling time: 0. Response time: 4.
[NX Daemon Server] - 2024-10-11T02:19:22.345Z - Closed a connection. Number of open connections: 0
[NX Daemon Server] - 2024-10-11T02:19:26.115Z - Established a connection. Number of open connections: 1
[NX Daemon Server] - 2024-10-11T02:19:26.115Z - Closed a connection. Number of open connections: 0
[NX Daemon Server] - 2024-10-11T02:19:26.115Z - Established a connection. Number of open connections: 1
[NX Daemon Server] - 2024-10-11T02:19:26.116Z - [REQUEST]: Client Request for Project Graph Received
[NX Daemon Server] - 2024-10-11T02:19:26.117Z - [REQUEST]: Responding to the client. project-graph
[NX Daemon Server] - 2024-10-11T02:19:26.117Z - Time taken for 'total for creating and serializing project graph' 0.26441699266433716ms
[NX Daemon Server] - 2024-10-11T02:19:26.118Z - Done responding to the client project-graph
[NX Daemon Server] - 2024-10-11T02:19:26.118Z - Handled REQUEST_PROJECT_GRAPH. Handling time: 1. Response time: 1.
[NX Daemon Server] - 2024-10-11T02:19:26.120Z - Closed a connection. Number of open connections: 0
[NX Daemon Server] - 2024-10-11T02:20:22.412Z - [WATCHER]: packages/boolean-algebra/package.json was modified
[NX Daemon Server] - 2024-10-11T02:20:22.412Z - [WATCHER]: Processing file changes in outputs
[NX Daemon Server] - 2024-10-11T02:20:22.516Z - [REQUEST]: Updated workspace context based on watched changes, recomputing project graph...
[NX Daemon Server] - 2024-10-11T02:20:22.516Z - [REQUEST]: packages/boolean-algebra/package.json
[NX Daemon Server] - 2024-10-11T02:20:22.516Z - [REQUEST]: 
[NX Daemon Server] - 2024-10-11T02:20:22.521Z - Time taken for 'hash changed files from watcher' 0.3698750138282776ms
[NX Daemon Server] - 2024-10-11T02:20:22.540Z - Time taken for 'build-project-configs' 18.50608402490616ms
[NX Daemon Server] - 2024-10-11T02:20:22.542Z - Time taken for '@nx/vite/plugin:createDependencies' 5.098707973957062ms
[NX Daemon Server] - 2024-10-11T02:20:22.559Z - [SYNC]: collect registered sync generators
[NX Daemon Server] - 2024-10-11T02:20:22.559Z - [SYNC]: nx.json hash is the same, not collecting global sync generators
[NX Daemon Server] - 2024-10-11T02:20:22.559Z - Time taken for 'total execution time for createProjectGraph()' 17.15283304452896ms
[NX Daemon Server] - 2024-10-11T02:22:41.936Z - Established a connection. Number of open connections: 1
[NX Daemon Server] - 2024-10-11T02:22:41.937Z - Closed a connection. Number of open connections: 0
[NX Daemon Server] - 2024-10-11T02:22:41.937Z - Established a connection. Number of open connections: 1
[NX Daemon Server] - 2024-10-11T02:22:41.938Z - [REQUEST]: Client Request for Project Graph Received
[NX Daemon Server] - 2024-10-11T02:22:41.938Z - [REQUEST]: Responding to the client. project-graph
[NX Daemon Server] - 2024-10-11T02:22:41.939Z - Time taken for 'total for creating and serializing project graph' 0.12862497568130493ms
[NX Daemon Server] - 2024-10-11T02:22:41.941Z - Done responding to the client project-graph
[NX Daemon Server] - 2024-10-11T02:22:41.941Z - Handled REQUEST_PROJECT_GRAPH. Handling time: 0. Response time: 3.
[NX Daemon Server] - 2024-10-11T02:22:41.974Z - [REQUEST]: Responding to the client. handleHashTasks
[NX Daemon Server] - 2024-10-11T02:22:41.974Z - Done responding to the client handleHashTasks
[NX Daemon Server] - 2024-10-11T02:22:41.975Z - Handled HASH_TASKS. Handling time: 3. Response time: 1.
[NX Daemon Server] - 2024-10-11T02:22:42.346Z - [REQUEST]: Responding to the client. recordOutputsHash
[NX Daemon Server] - 2024-10-11T02:22:42.346Z - Done responding to the client recordOutputsHash
[NX Daemon Server] - 2024-10-11T02:22:42.346Z - Handled RECORD_OUTPUTS_HASH. Handling time: 0. Response time: 0.
[NX Daemon Server] - 2024-10-11T02:22:42.392Z - [REQUEST]: Responding to the client. PROCESS_IN_BACKGROUND
[NX Daemon Server] - 2024-10-11T02:22:42.392Z - Done responding to the client PROCESS_IN_BACKGROUND
[NX Daemon Server] - 2024-10-11T02:22:42.392Z - Handled PROCESS_IN_BACKGROUND. Handling time: 14. Response time: 0.
[NX Daemon Server] - 2024-10-11T02:22:42.392Z - Uploading file artifacts
[NX Daemon Server] - 2024-10-11T02:22:42.397Z - Closed a connection. Number of open connections: 0
[NX Daemon Server] - 2024-10-11T02:22:42.708Z - Done uploading file artifacts
[NX Daemon Server] - 2024-10-11T02:22:42.708Z - Sending EndRun request
[NX Daemon Server] - 2024-10-11T02:22:42.960Z - Done sending EndRun request
[NX Daemon Server] - 2024-10-11T02:22:46.786Z - Established a connection. Number of open connections: 1
[NX Daemon Server] - 2024-10-11T02:22:46.787Z - Closed a connection. Number of open connections: 0
[NX Daemon Server] - 2024-10-11T02:22:46.787Z - Established a connection. Number of open connections: 1
[NX Daemon Server] - 2024-10-11T02:22:46.788Z - [REQUEST]: Client Request for Project Graph Received
[NX Daemon Server] - 2024-10-11T02:22:46.788Z - [REQUEST]: Responding to the client. project-graph
[NX Daemon Server] - 2024-10-11T02:22:46.788Z - Time taken for 'total for creating and serializing project graph' 0.09583401679992676ms
[NX Daemon Server] - 2024-10-11T02:22:46.789Z - Done responding to the client project-graph
[NX Daemon Server] - 2024-10-11T02:22:46.789Z - Handled REQUEST_PROJECT_GRAPH. Handling time: 0. Response time: 1.
[NX Daemon Server] - 2024-10-11T02:22:46.814Z - [REQUEST]: Responding to the client. handleHashTasks
[NX Daemon Server] - 2024-10-11T02:22:46.814Z - Done responding to the client handleHashTasks
[NX Daemon Server] - 2024-10-11T02:22:46.814Z - Handled HASH_TASKS. Handling time: 2. Response time: 0.
[NX Daemon Server] - 2024-10-11T02:22:47.209Z - [REQUEST]: Responding to the client. recordOutputsHash
[NX Daemon Server] - 2024-10-11T02:22:47.209Z - Done responding to the client recordOutputsHash
[NX Daemon Server] - 2024-10-11T02:22:47.209Z - Handled RECORD_OUTPUTS_HASH. Handling time: 0. Response time: 0.
[NX Daemon Server] - 2024-10-11T02:22:47.261Z - [REQUEST]: Responding to the client. PROCESS_IN_BACKGROUND
[NX Daemon Server] - 2024-10-11T02:22:47.261Z - Done responding to the client PROCESS_IN_BACKGROUND
[NX Daemon Server] - 2024-10-11T02:22:47.261Z - Handled PROCESS_IN_BACKGROUND. Handling time: 14. Response time: 0.
[NX Daemon Server] - 2024-10-11T02:22:47.262Z - Uploading file artifacts
[NX Daemon Server] - 2024-10-11T02:22:47.262Z - Done uploading file artifacts
[NX Daemon Server] - 2024-10-11T02:22:47.262Z - Sending EndRun request
[NX Daemon Server] - 2024-10-11T02:22:47.265Z - Closed a connection. Number of open connections: 0
[NX Daemon Server] - 2024-10-11T02:22:47.485Z - Done sending EndRun request
